<?xml version="1.0" encoding="UTF-8"?>
<!-- Generated by org.testng.reporters.JUnitReportReporter -->
<testsuite hostname="Yasmins-Air" failures="0" tests="4" name="test.LoginPageTest" time="4.117" errors="0" timestamp="2023-12-08T10:14:51 EST" skipped="0">
  <testcase classname="test.LoginPageTest" name="validationOfUrl" time="0.175">
    <system-out>
      <![CDATA[URL is matching and test case passed.]]>
    </system-out>
  </testcase> <!-- validationOfUrl -->
  <testcase classname="test.LoginPageTest" name="validationOfTitle" time="0.060">
    <system-out>
      <![CDATA[Title is matching and test case passed.]]>
    </system-out>
  </testcase> <!-- validationOfTitle -->
  <testcase classname="test.LoginPageTest" name="validationOfLoginFunctionality" time="2.831">
    <system-out>
      <![CDATA[Login is successful and test case is passed.]]>
    </system-out>
  </testcase> <!-- validationOfLoginFunctionality -->
  <testcase classname="test.LoginPageTest" name="validationFunctionalityWithInvalidData" time="1.051">
    <system-out>
      <![CDATA[Error message is displayed and test case is passed.]]>
    </system-out>
  </testcase> <!-- validationFunctionalityWithInvalidData -->
  <system-out>
    <![CDATA[URL is matching and test case passed.
Title is matching and test case passed.
Login is successful and test case is passed.
Error message is displayed and test case is passed.]]>
  </system-out>
</testsuite> <!-- test.LoginPageTest -->
