<?xml version="1.0" encoding="UTF-8"?>
<!-- Generated by org.testng.reporters.JUnitReportReporter -->
<testsuite hostname="Yasmins-Air" failures="0" tests="1" name="main.BaseTest" time="26.782" errors="0" timestamp="2023-11-30T10:28:29 EST" skipped="0">
  <testcase classname="main.BaseTest" name="launchBrowser" time="26.782"/>
</testsuite> <!-- main.BaseTest -->
